<?xml version="1.0" encoding="UTF-8"?>
<testsuite xmlns:xsi="http://www.w3.org/2001/XMLSchema-instance" xsi:noNamespaceSchemaLocation="https://maven.apache.org/surefire/maven-surefire-plugin/xsd/surefire-test-report.xsd" name="fit.AppTest" time="0.051" tests="4" errors="4" skipped="0" failures="0">
  <properties>
[...]
</properties>
  <testcase name="shouldCalculateMagreza" classname="fit.AppTest" time="0.008">
    <error message="Unresolved compilation problem: &#10;	CalculadoraImc cannot be resolved&#10;" type="java.lang.Error">java.lang.Error: 
Unresolved compilation problem: 
	CalculadoraImc cannot be resolved

	at fit.AppTest.shouldCalculateMagreza(AppTest.java:28)
</error>
  </testcase>
  <testcase name="shouldCalculateSobrepeso" classname="fit.AppTest" time="0">
    <error message="Unresolved compilation problem: &#10;	CalculadoraImc cannot be resolved&#10;" type="java.lang.Error">java.lang.Error: 
Unresolved compilation problem: 
	CalculadoraImc cannot be resolved

	at fit.AppTest.shouldCalculateSobrepeso(AppTest.java:62)
</error>
  </testcase>
  <testcase name="shouldCalculateObesidade" classname="fit.AppTest" time="0">
    <error message="Unresolved compilation problem: &#10;	CalculadoraImc cannot be resolved&#10;" type="java.lang.Error">java.lang.Error: 
Unresolved compilation problem: 
	CalculadoraImc cannot be resolved

	at fit.AppTest.shouldCalculateObesidade(AppTest.java:79)
</error>
  </testcase>
  <testcase name="shouldCalculateNormal" classname="fit.AppTest" time="0">
    <error message="Unresolved compilation problem: &#10;	CalculadoraImc cannot be resolved&#10;" type="java.lang.Error">java.lang.Error: 
Unresolved compilation problem: 
	CalculadoraImc cannot be resolved

	at fit.AppTest.shouldCalculateNormal(AppTest.java:45)
</error>
  </testcase>
</testsuite>